01-25 07:13:55 - user key is special char >
e=TypeError('ord() expected string of length 1, but NoneType found')
  user_key=None

01-25 07:13:58 - get_choice return -> >
choice=0
  choices[keys[choice]]='drwxr-xr-x | .'

01-25 07:13:58 - user key is special char >
e=TypeError('ord() expected string of length 1, but NoneType found')
  user_key=None

01-25 07:13:59 - get_choice return -> >
choice=0
  choices[keys[choice]]='drwxr-xr-x | .'

01-25 07:13:59 - user key is special char >
e=TypeError('ord() expected string of length 1, but NoneType found')
  user_key=None

01-25 07:14:01 - user key is special char >
e=TypeError('ord() expected a character, but string of length 13 found')
  user_key='KEY_BACKSPACE'

01-25 07:14:02 - get_choice return -> >
choice=0
  choices[keys[choice]]='drwxr-xr-x | sys_cfg'

01-25 07:14:02 - is dir >


01-25 07:14:02 - user key is special char >
e=TypeError('ord() expected string of length 1, but NoneType found')
  user_key=None

01-25 07:14:02 - user key is special char >
e=TypeError('ord() expected a character, but string of length 0 found')
  user_key=''

01-25 07:14:04 - user key is special char >
e=TypeError('ord() expected a character, but string of length 13 found')
  user_key='KEY_BACKSPACE'

01-25 07:14:06 - get_choice return -> >
choice=0
  choices[keys[choice]]='-rw-r--r-- | shellrc'

01-25 07:14:06 - user key is special char >
e=TypeError('ord() expected string of length 1, but NoneType found')
  user_key=None

01-25 07:14:06 - user key is special char >
e=TypeError('ord() expected a character, but string of length 0 found')
  user_key=''

01-25 07:14:08 - get_choice return -> >
choice=0
  choices[keys[choice]]='nvim - system'

01-25 07:14:28 - is file >


01-25 07:14:28 - user key is special char >
e=TypeError('ord() expected string of length 1, but NoneType found')
  user_key=None

01-25 07:14:28 - user key is special char >
e=TypeError('ord() expected a character, but string of length 0 found')
  user_key=''

01-25 07:14:33 - get_choice return -> >
choice=0
  choices[keys[choice]]='drwxr-xr-x | .'

01-25 07:14:33 - is dir >


01-25 07:15:17 - user key is special char >
e=TypeError('ord() expected string of length 1, but NoneType found')
  user_key=None

01-25 07:15:21 - get_choice return -> >
choice=0
  choices[keys[choice]]='drwxr-xr-x | .'

01-25 07:15:21 - user key is special char >
e=TypeError('ord() expected string of length 1, but NoneType found')
  user_key=None

01-25 07:15:22 - get_choice return -> >
choice=0
  choices[keys[choice]]='drwxr-xr-x | .'

01-25 07:15:22 - user key is special char >
e=TypeError('ord() expected string of length 1, but NoneType found')
  user_key=None

01-25 07:15:25 - get_choice return -> >
choice=0
  choices[keys[choice]]='drwxr-xr-x | sys_cfg'

01-25 07:15:25 - is dir >


01-25 07:15:25 - user key is special char >
e=TypeError('ord() expected string of length 1, but NoneType found')
  user_key=None

01-25 07:15:25 - user key is special char >
e=TypeError('ord() expected a character, but string of length 0 found')
  user_key=''

01-25 07:15:27 - get_choice return -> >
choice=0
  choices[keys[choice]]='-rw-r--r-- | shellrc'

01-25 07:15:27 - user key is special char >
e=TypeError('ord() expected string of length 1, but NoneType found')
  user_key=None

01-25 07:15:27 - user key is special char >
e=TypeError('ord() expected a character, but string of length 0 found')
  user_key=''

01-25 07:15:27 - get_choice return -> >
choice=0
  choices[keys[choice]]='nvim - system'

01-25 07:15:36 - is file >


01-25 07:15:36 - user key is special char >
e=TypeError('ord() expected string of length 1, but NoneType found')
  user_key=None

01-25 07:15:36 - user key is special char >
e=TypeError('ord() expected a character, but string of length 0 found')
  user_key=''

01-25 07:15:39 - get_choice return -> >
choice=0
  choices[keys[choice]]='drwxr-xr-x | .'

01-25 07:15:39 - is dir >


01-25 07:15:44 - user key is special char >
e=TypeError('ord() expected string of length 1, but NoneType found')
  user_key=None

01-25 07:15:45 - get_choice return -> >
choice=0
  choices[keys[choice]]='drwxr-xr-x | .'

01-25 07:15:45 - is dir >


01-25 07:16:01 - user key is special char >
e=TypeError('ord() expected string of length 1, but NoneType found')
  user_key=None

01-25 07:16:03 - user key is special char >
e=TypeError('ord() expected a character, but string of length 8 found')
  user_key='KEY_DOWN'

01-25 07:16:03 - user key is special char >
e=TypeError('ord() expected a character, but string of length 8 found')
  user_key='KEY_DOWN'

01-25 07:16:04 - get_choice return -> >
choice=2
  choices[keys[choice]]='drwxr-xr-x | examples'

01-25 07:16:04 - is dir >


01-25 07:16:04 - user key is special char >
e=TypeError('ord() expected string of length 1, but NoneType found')
  user_key=None

01-25 07:16:05 - get_choice return -> >
choice=0
  choices[keys[choice]]='drwxr-xr-x | .'

01-25 07:16:05 - is dir >


01-25 07:16:05 - user key is special char >
e=TypeError('ord() expected string of length 1, but NoneType found')
  user_key=None

01-25 07:16:06 - get_choice return -> >
choice=0
  choices[keys[choice]]='drwxr-xr-x | .'

01-25 07:16:06 - is dir >


01-25 07:16:21 - user key is special char >
e=TypeError('ord() expected string of length 1, but NoneType found')
  user_key=None

